<?xml version="1.0" encoding="UTF-8" standalone="yes"?>
<ns2:test-suite start="1506000892814" stop="1506000913388" version="1.5.0" xmlns:ns2="urn:model.allure.qatools.yandex.ru">
    <name>Example feature</name>
    <description type="text"></description>
    <test-cases>
        <test-case start="1506000892851" stop="1506000907746" status="broken">
            <name>Log in  Yandex</name>
            <title>Log in  Yandex</title>
            <description type="text"></description>
            <failure>
                <message>CucumberException: Arity mismatch: Step Definition 'lesson10.steps.ExampleSteps.getToHomePage() in file:/C:/Users/VMokrinskiy/lesson10-2/target/test-classes/' with pattern [I should go to home page] is declared with 0 parameters. However, the gherkin step has 1 arguments [Table:[[login, , password], [riddler1391, , 1234Qwer], [adsasd, , 123xx]]]. 
Step: Then I should go to home page</message>
                <stack-trace>cucumber.runtime.CucumberException: Arity mismatch: Step Definition 'lesson10.steps.ExampleSteps.getToHomePage() in file:/C:/Users/VMokrinskiy/lesson10-2/target/test-classes/' with pattern [I should go to home page] is declared with 0 parameters. However, the gherkin step has 1 arguments [Table:[[login, , password], [riddler1391, , 1234Qwer], [adsasd, , 123xx]]]. 
Step: Then I should go to home page
	at cucumber.runtime.StepDefinitionMatch.arityMismatch(StepDefinitionMatch.java:102)
	at cucumber.runtime.StepDefinitionMatch.transformedArgs(StepDefinitionMatch.java:60)
	at cucumber.runtime.StepDefinitionMatch.runStep(StepDefinitionMatch.java:37)
	at cucumber.runtime.Runtime.runStep(Runtime.java:300)
	at cucumber.runtime.model.StepContainer.runStep(StepContainer.java:44)
	at cucumber.runtime.model.StepContainer.runSteps(StepContainer.java:39)
	at cucumber.runtime.model.CucumberScenario.run(CucumberScenario.java:44)
	at cucumber.runtime.junit.ExecutionUnitRunner.run(ExecutionUnitRunner.java:102)
	at cucumber.runtime.junit.FeatureRunner.runChild(FeatureRunner.java:63)
	at cucumber.runtime.junit.FeatureRunner.runChild(FeatureRunner.java:18)
	at org.junit.runners.ParentRunner$3.run(ParentRunner.java:290)
	at org.junit.runners.ParentRunner$1.schedule(ParentRunner.java:71)
	at org.junit.runners.ParentRunner.runChildren(ParentRunner.java:288)
	at org.junit.runners.ParentRunner.access$000(ParentRunner.java:58)
	at org.junit.runners.ParentRunner$2.evaluate(ParentRunner.java:268)
	at org.junit.runners.ParentRunner.run(ParentRunner.java:363)
	at cucumber.runtime.junit.FeatureRunner.run(FeatureRunner.java:70)
	at cucumber.api.junit.Cucumber.runChild(Cucumber.java:95)
	at cucumber.api.junit.Cucumber.runChild(Cucumber.java:38)
	at org.junit.runners.ParentRunner$3.run(ParentRunner.java:290)
	at org.junit.runners.ParentRunner$1.schedule(ParentRunner.java:71)
	at org.junit.runners.ParentRunner.runChildren(ParentRunner.java:288)
	at org.junit.runners.ParentRunner.access$000(ParentRunner.java:58)
	at org.junit.runners.ParentRunner$2.evaluate(ParentRunner.java:268)
	at org.junit.runners.ParentRunner.run(ParentRunner.java:363)
	at cucumber.api.junit.Cucumber.run(Cucumber.java:100)
	at org.junit.runner.JUnitCore.run(JUnitCore.java:137)
	at com.intellij.junit4.JUnit4IdeaTestRunner.startRunnerWithArgs(JUnit4IdeaTestRunner.java:68)
	at com.intellij.rt.execution.junit.IdeaTestRunner$Repeater.startRunnerWithArgs(IdeaTestRunner.java:47)
	at com.intellij.rt.execution.junit.JUnitStarter.prepareStreamsAndStart(JUnitStarter.java:242)
	at com.intellij.rt.execution.junit.JUnitStarter.main(JUnitStarter.java:70)
</stack-trace>
            </failure>
            <steps>
                <step start="1506000892861" stop="1506000905580" status="passed">
                    <name>Given I go to https://www.yandex.ru/</name>
                    <title>Given I go to https://www.yandex.ru/</title>
                </step>
                <step start="1506000905580" stop="1506000907493" status="passed">
                    <name>When I type login &lt;login&gt;</name>
                    <title>When I type login &lt;login&gt;</title>
                </step>
                <step start="1506000907494" stop="1506000907723" status="passed">
                    <name>And password &lt;password&gt;</name>
                    <title>And password &lt;password&gt;</title>
                </step>
                <step start="1506000907723" stop="1506000907745" status="broken">
                    <name>Then I should go to home page</name>
                    <title>Then I should go to home page</title>
                </step>
            </steps>
            <attachments/>
            <labels>
                <label name="story" value="Log in  Yandex"/>
                <label name="feature" value="Example feature"/>
                <label name="host" value="VMokrinskiy"/>
                <label name="thread" value="8992@VMokrinskiy.main(1)"/>
                <label name="framework" value="CucumberJVM"/>
            </labels>
        </test-case>
        <test-case start="1506000907817" stop="1506000913255" status="passed">
            <name>search yandex</name>
            <title>search yandex</title>
            <description type="text"></description>
            <steps>
                <step start="1506000907818" stop="1506000909155" status="passed">
                    <name>Given I go to https://www.yandex.ru/</name>
                    <title>Given I go to https://www.yandex.ru/</title>
                    <attachments/>
                    <steps/>
                </step>
                <step start="1506000909156" stop="1506000909314" status="passed">
                    <name>When I type word asdasd</name>
                    <title>When I type word asdasd</title>
                    <attachments/>
                    <steps/>
                </step>
                <step start="1506000909314" stop="1506000911077" status="passed">
                    <name>Then I press "Find"</name>
                    <title>Then I press "Find"</title>
                    <attachments/>
                    <steps/>
                </step>
                <step start="1506000911078" stop="1506000913255" status="passed">
                    <name>And close browser</name>
                    <title>And close browser</title>
                    <attachments/>
                    <steps/>
                </step>
            </steps>
            <attachments/>
            <labels>
                <label name="story" value="search yandex"/>
                <label name="feature" value="Example feature"/>
                <label name="host" value="VMokrinskiy"/>
                <label name="thread" value="8992@VMokrinskiy.main(1)"/>
                <label name="framework" value="CucumberJVM"/>
            </labels>
        </test-case>
    </test-cases>
    <labels>
        <label name="feature" value="Example feature"/>
        <label name="language" value="JAVA"/>
    </labels>
</ns2:test-suite>
